2025-08-06 12:11:05 DEBUG BaseClass:57 - Starting openApp with browser: chrome and OS: macOS
2025-08-06 12:11:05 DEBUG BaseClass:57 - Starting openApp with browser: firefox and OS: macOS
2025-08-06 12:11:05 DEBUG BaseClass:62 - Loaded config properties successfully.
2025-08-06 12:11:05 DEBUG BaseClass:62 - Loaded config properties successfully.
2025-08-06 12:12:19 DEBUG BaseClass:123 - FirefoxDriver initialized
2025-08-06 12:12:19 DEBUG BaseClass:131 - Driver assigned to thread-local storage
2025-08-06 12:12:22 DEBUG BaseClass:151 - Application launched at URL: https://cloudberrystore.services/
2025-08-06 12:12:22 DEBUG TC06_Affiliate:19 - Test started: testAffiliate
2025-08-06 12:12:22 DEBUG TC06_Affiliate:23 - This is a DEBUG log
2025-08-06 12:12:22 INFO  TC06_Affiliate:24 - This is an INFO log
2025-08-06 12:12:22 ERROR TC06_Affiliate:25 - This is an ERROR log
2025-08-06 12:12:22 DEBUG TC06_Affiliate:27 - Clicked 'My Account'
2025-08-06 12:12:23 DEBUG TC06_Affiliate:30 - Clicked 'Login'
2025-08-06 12:12:23 DEBUG TC06_Affiliate:33 - Entered email
2025-08-06 12:12:23 DEBUG TC06_Affiliate:36 - Entered password
2025-08-06 12:12:23 DEBUG TC06_Affiliate:39 - Clicked 'Login' button
2025-08-06 12:12:24 DEBUG TC06_Affiliate:42 - Waited 0.5 seconds before proceeding to Affiliate section
2025-08-06 12:12:24 DEBUG BaseClass:115 - ChromeDriver initialized
2025-08-06 12:12:24 DEBUG BaseClass:131 - Driver assigned to thread-local storage
2025-08-06 12:12:25 DEBUG TC06_Affiliate:45 - Clicked on 'Affiliate' link
2025-08-06 12:12:25 DEBUG TC06_Affiliate:48 - Set company
2025-08-06 12:12:25 DEBUG TC06_Affiliate:51 - Set website
2025-08-06 12:12:25 DEBUG TC06_Affiliate:54 - Set tax information
2025-08-06 12:12:25 DEBUG TC06_Affiliate:57 - Set cheque payment method
2025-08-06 12:12:26 DEBUG TC06_Affiliate:60 - Waited 0.5 seconds before clicking Continue
2025-08-06 12:12:27 DEBUG TC06_Affiliate:63 - Clicked 'Continue' button
2025-08-06 12:12:27 DEBUG TC06_Affiliate:66 - Alert box status: true
2025-08-06 12:12:27 INFO  TC06_Affiliate:69 - Affiliate registration success verified
2025-08-06 12:12:27 DEBUG TC06_Affiliate:79 - Test ended: testAffiliate
2025-08-06 12:12:28 DEBUG BaseClass:151 - Application launched at URL: https://cloudberrystore.services/
2025-08-06 12:12:28 DEBUG TC06_Affiliate:19 - Test started: testAffiliate
2025-08-06 12:12:28 DEBUG TC06_Affiliate:23 - This is a DEBUG log
2025-08-06 12:12:28 INFO  TC06_Affiliate:24 - This is an INFO log
2025-08-06 12:12:28 ERROR TC06_Affiliate:25 - This is an ERROR log
2025-08-06 12:12:30 DEBUG TC06_Affiliate:27 - Clicked 'My Account'
2025-08-06 12:12:30 DEBUG BaseClass:180 - Browser closed for thread: 36
2025-08-06 12:12:30 DEBUG BaseClass:57 - Starting openApp with browser: firefox and OS: macOS
2025-08-06 12:12:30 DEBUG BaseClass:62 - Loaded config properties successfully.
2025-08-06 12:12:31 DEBUG TC06_Affiliate:30 - Clicked 'Login'
2025-08-06 12:12:32 DEBUG TC06_Affiliate:33 - Entered email
2025-08-06 12:12:32 DEBUG TC06_Affiliate:36 - Entered password
2025-08-06 12:12:34 DEBUG TC06_Affiliate:39 - Clicked 'Login' button
2025-08-06 12:12:34 DEBUG TC06_Affiliate:42 - Waited 0.5 seconds before proceeding to Affiliate section
2025-08-06 12:12:36 DEBUG TC06_Affiliate:45 - Clicked on 'Affiliate' link
2025-08-06 12:12:36 DEBUG BaseClass:123 - FirefoxDriver initialized
2025-08-06 12:12:36 DEBUG BaseClass:131 - Driver assigned to thread-local storage
2025-08-06 12:12:37 DEBUG TC06_Affiliate:48 - Set company
2025-08-06 12:12:37 DEBUG TC06_Affiliate:51 - Set website
2025-08-06 12:12:37 DEBUG TC06_Affiliate:54 - Set tax information
2025-08-06 12:12:37 DEBUG BaseClass:151 - Application launched at URL: https://cloudberrystore.services/
2025-08-06 12:12:37 DEBUG TC04_CompleteCheckOut:18 - Test started: testCheckOut
2025-08-06 12:12:38 DEBUG TC06_Affiliate:57 - Set cheque payment method
2025-08-06 12:12:38 DEBUG TC04_CompleteCheckOut:22 - Clicked 'My Account'
2025-08-06 12:12:38 DEBUG TC04_CompleteCheckOut:25 - Clicked 'Login'
2025-08-06 12:12:38 DEBUG TC06_Affiliate:60 - Waited 0.5 seconds before clicking Continue
2025-08-06 12:12:38 DEBUG TC04_CompleteCheckOut:28 - Entered email
2025-08-06 12:12:38 DEBUG TC04_CompleteCheckOut:31 - Entered password
2025-08-06 12:12:38 DEBUG TC04_CompleteCheckOut:34 - Clicked login
2025-08-06 12:12:39 DEBUG TC06_Affiliate:63 - Clicked 'Continue' button
2025-08-06 12:12:39 DEBUG TC04_CompleteCheckOut:37 - Waited 1 second after login
2025-08-06 12:12:39 DEBUG TC06_Affiliate:66 - Alert box status: true
2025-08-06 12:12:39 INFO  TC06_Affiliate:69 - Affiliate registration success verified
2025-08-06 12:12:39 DEBUG TC06_Affiliate:79 - Test ended: testAffiliate
2025-08-06 12:12:40 DEBUG TC04_CompleteCheckOut:40 - Clicked on 'Laptops & Notebooks'
2025-08-06 12:12:40 DEBUG BaseClass:180 - Browser closed for thread: 35
2025-08-06 12:12:40 DEBUG BaseClass:57 - Starting openApp with browser: chrome and OS: macOS
2025-08-06 12:12:40 DEBUG BaseClass:62 - Loaded config properties successfully.
2025-08-06 12:12:40 DEBUG TC04_CompleteCheckOut:43 - Clicked 'Show All' under Laptops
2025-08-06 12:12:40 DEBUG TC04_CompleteCheckOut:47 - Scrolled down the window
2025-08-06 12:12:40 DEBUG TC04_CompleteCheckOut:50 - Selected product 'HP LP3065'
2025-08-06 12:12:40 DEBUG TC04_CompleteCheckOut:53 - Formatted delivery date: 2025-08-11
2025-08-06 12:12:40 DEBUG TC04_CompleteCheckOut:56 - Set delivery date
2025-08-06 12:12:40 DEBUG TC04_CompleteCheckOut:59 - Clicked 'Add to Cart'
2025-08-06 12:12:40 DEBUG TC04_CompleteCheckOut:63 - Alert text: Success: You have added HP LP3065 to your shopping cart!
2025-08-06 12:12:40 INFO  TC04_CompleteCheckOut:65 - Item added to cart successfully
2025-08-06 12:12:41 DEBUG TC04_CompleteCheckOut:68 - Clicked 'Checkout'
2025-08-06 12:12:41 DEBUG TC04_CompleteCheckOut:71 - Selected shipping address
2025-08-06 12:12:41 DEBUG TC04_CompleteCheckOut:75 - Selected and continued shipping method
2025-08-06 12:12:41 DEBUG TC04_CompleteCheckOut:79 - Selected and continued payment method
2025-08-06 12:12:44 DEBUG TC04_CompleteCheckOut:82 - Clicked 'Confirm Order'
2025-08-06 12:12:44 DEBUG TC04_CompleteCheckOut:86 - Order confirmation message: Your order has been placed!
2025-08-06 12:12:44 INFO  TC04_CompleteCheckOut:88 - Order placed successfully
2025-08-06 12:12:44 DEBUG TC04_CompleteCheckOut:98 - Test ended: testCheckOut
2025-08-06 12:12:45 DEBUG BaseClass:180 - Browser closed for thread: 36
2025-08-06 12:12:45 DEBUG BaseClass:57 - Starting openApp with browser: firefox and OS: macOS
2025-08-06 12:12:45 DEBUG BaseClass:62 - Loaded config properties successfully.
2025-08-06 12:12:48 DEBUG BaseClass:115 - ChromeDriver initialized
2025-08-06 12:12:48 DEBUG BaseClass:131 - Driver assigned to thread-local storage
2025-08-06 12:12:51 DEBUG BaseClass:123 - FirefoxDriver initialized
2025-08-06 12:12:51 DEBUG BaseClass:131 - Driver assigned to thread-local storage
2025-08-06 12:12:52 DEBUG BaseClass:151 - Application launched at URL: https://cloudberrystore.services/
2025-08-06 12:12:52 DEBUG TC04_CompleteCheckOut:18 - Test started: testCheckOut
2025-08-06 12:12:52 DEBUG BaseClass:151 - Application launched at URL: https://cloudberrystore.services/
2025-08-06 12:12:52 DEBUG TC01_LaunchApplication:16 - Test started: launchApp
2025-08-06 12:12:52 DEBUG TC01_LaunchApplication:20 - Retrieved page title: Your store of fun
2025-08-06 12:12:52 DEBUG TC01_LaunchApplication:23 - Assertion passed: Title matched expected value
2025-08-06 12:12:52 DEBUG TC01_LaunchApplication:33 - Test ended: launchApp
2025-08-06 12:12:53 DEBUG TC04_CompleteCheckOut:22 - Clicked 'My Account'
2025-08-06 12:12:53 DEBUG BaseClass:180 - Browser closed for thread: 36
2025-08-06 12:12:53 DEBUG BaseClass:57 - Starting openApp with browser: firefox and OS: macOS
2025-08-06 12:12:53 DEBUG BaseClass:62 - Loaded config properties successfully.
2025-08-06 12:12:55 DEBUG TC04_CompleteCheckOut:25 - Clicked 'Login'
2025-08-06 12:12:56 DEBUG TC04_CompleteCheckOut:28 - Entered email
2025-08-06 12:12:57 DEBUG TC04_CompleteCheckOut:31 - Entered password
2025-08-06 12:12:59 DEBUG TC04_CompleteCheckOut:34 - Clicked login
2025-08-06 12:12:59 DEBUG BaseClass:123 - FirefoxDriver initialized
2025-08-06 12:12:59 DEBUG BaseClass:131 - Driver assigned to thread-local storage
2025-08-06 12:13:00 DEBUG TC04_CompleteCheckOut:37 - Waited 1 second after login
2025-08-06 12:13:00 DEBUG TC04_CompleteCheckOut:40 - Clicked on 'Laptops & Notebooks'
2025-08-06 12:13:01 DEBUG BaseClass:151 - Application launched at URL: https://cloudberrystore.services/
2025-08-06 12:13:01 DEBUG TC03_AddToCart:17 - Test started: testAddToCart
2025-08-06 12:13:01 DEBUG TC03_AddToCart:21 - Clicked 'My Account'
2025-08-06 12:13:01 DEBUG TC03_AddToCart:24 - Clicked 'Login'
2025-08-06 12:13:01 DEBUG TC03_AddToCart:27 - Entered email
2025-08-06 12:13:01 DEBUG TC03_AddToCart:30 - Entered password
2025-08-06 12:13:01 DEBUG TC04_CompleteCheckOut:43 - Clicked 'Show All' under Laptops
2025-08-06 12:13:02 DEBUG TC04_CompleteCheckOut:47 - Scrolled down the window
2025-08-06 12:13:02 DEBUG TC03_AddToCart:33 - Clicked login
2025-08-06 12:13:02 DEBUG TC04_CompleteCheckOut:50 - Selected product 'HP LP3065'
2025-08-06 12:13:02 DEBUG TC04_CompleteCheckOut:53 - Formatted delivery date: 2025-08-11
2025-08-06 12:13:02 DEBUG TC04_CompleteCheckOut:56 - Set delivery date
2025-08-06 12:13:03 DEBUG TC03_AddToCart:36 - Waited for 1 second
2025-08-06 12:13:03 DEBUG TC03_AddToCart:39 - Clicked 'Laptops & Notebooks' menu
2025-08-06 12:13:03 DEBUG TC04_CompleteCheckOut:59 - Clicked 'Add to Cart'
2025-08-06 12:13:03 DEBUG TC03_AddToCart:42 - Clicked 'Show All'
2025-08-06 12:13:03 DEBUG TC03_AddToCart:46 - Scrolled window
2025-08-06 12:13:03 DEBUG TC03_AddToCart:49 - Clicked on product 'HP LP3065'
2025-08-06 12:13:03 DEBUG TC03_AddToCart:52 - Formatted date: 2025-08-11
2025-08-06 12:13:03 DEBUG TC03_AddToCart:55 - Set delivery date
2025-08-06 12:13:03 DEBUG TC03_AddToCart:58 - Clicked 'Add to Cart'
2025-08-06 12:13:03 DEBUG TC03_AddToCart:62 - Alert message: Success: You have added HP LP3065 to your shopping cart!
2025-08-06 12:13:03 INFO  TC03_AddToCart:65 - Item successfully added to cart
2025-08-06 12:13:03 DEBUG TC03_AddToCart:75 - Test ended: testAddToCart
2025-08-06 12:13:04 DEBUG TC04_CompleteCheckOut:63 - Alert text: Success: You have added HP LP3065 to your shopping cart!
2025-08-06 12:13:04 INFO  TC04_CompleteCheckOut:65 - Item added to cart successfully
2025-08-06 12:13:05 DEBUG TC04_CompleteCheckOut:68 - Clicked 'Checkout'
2025-08-06 12:13:05 DEBUG BaseClass:180 - Browser closed for thread: 36
2025-08-06 12:13:05 DEBUG BaseClass:57 - Starting openApp with browser: firefox and OS: macOS
2025-08-06 12:13:05 DEBUG BaseClass:62 - Loaded config properties successfully.
2025-08-06 12:13:05 DEBUG TC04_CompleteCheckOut:71 - Selected shipping address
2025-08-06 12:13:06 DEBUG TC04_CompleteCheckOut:75 - Selected and continued shipping method
2025-08-06 12:13:07 DEBUG TC04_CompleteCheckOut:79 - Selected and continued payment method
2025-08-06 12:13:10 DEBUG BaseClass:123 - FirefoxDriver initialized
2025-08-06 12:13:10 DEBUG BaseClass:131 - Driver assigned to thread-local storage
2025-08-06 12:13:10 DEBUG TC04_CompleteCheckOut:82 - Clicked 'Confirm Order'
2025-08-06 12:13:11 DEBUG TC04_CompleteCheckOut:86 - Order confirmation message: Your order has been placed!
2025-08-06 12:13:11 INFO  TC04_CompleteCheckOut:88 - Order placed successfully
2025-08-06 12:13:11 DEBUG TC04_CompleteCheckOut:98 - Test ended: testCheckOut
2025-08-06 12:13:11 DEBUG BaseClass:180 - Browser closed for thread: 35
2025-08-06 12:13:11 DEBUG BaseClass:57 - Starting openApp with browser: chrome and OS: macOS
2025-08-06 12:13:11 DEBUG BaseClass:62 - Loaded config properties successfully.
2025-08-06 12:13:12 DEBUG BaseClass:151 - Application launched at URL: https://cloudberrystore.services/
2025-08-06 12:13:12 DEBUG TC05_AddToWishlist:17 - Test started: testAddToWishList
2025-08-06 12:13:12 DEBUG TC05_AddToWishlist:21 - Clicked 'My Account'
2025-08-06 12:13:12 DEBUG TC05_AddToWishlist:24 - Clicked 'Login'
2025-08-06 12:13:12 DEBUG TC05_AddToWishlist:27 - Entered email
2025-08-06 12:13:12 DEBUG TC05_AddToWishlist:30 - Entered password
2025-08-06 12:13:12 DEBUG TC05_AddToWishlist:33 - Clicked 'Login' button
2025-08-06 12:13:13 DEBUG TC05_AddToWishlist:36 - Waited for 1 second
2025-08-06 12:13:14 DEBUG TC05_AddToWishlist:39 - Clicked 'Laptops & Notebooks' menu
2025-08-06 12:13:14 DEBUG TC05_AddToWishlist:42 - Clicked 'Show All' under Laptops
2025-08-06 12:13:15 DEBUG TC05_AddToWishlist:45 - Clicked 'Add to Wishlist' on product
2025-08-06 12:13:15 DEBUG TC05_AddToWishlist:48 - Alert text received: Success: You have added HP LP3065 to your wish list!
2025-08-06 12:13:15 INFO  TC05_AddToWishlist:51 - Item successfully added to wishlist
2025-08-06 12:13:15 DEBUG TC05_AddToWishlist:61 - Test ended: testAddToWishList
2025-08-06 12:13:16 DEBUG BaseClass:180 - Browser closed for thread: 36
2025-08-06 12:13:16 DEBUG BaseClass:57 - Starting openApp with browser: firefox and OS: macOS
2025-08-06 12:13:16 DEBUG BaseClass:62 - Loaded config properties successfully.
